<?xml version="1.0" encoding="UTF-8"?>
<testsuite xmlns:xsi="http://www.w3.org/2001/XMLSchema-instance" xsi:noNamespaceSchemaLocation="https://maven.apache.org/surefire/maven-surefire-plugin/xsd/surefire-test-report.xsd" version="3.0.1" name="cucumber.TestNGrunner" time="24.479" tests="8" errors="0" skipped="0" failures="0">
  <properties>
[...]
</properties>
  <testcase name="runScenario[&quot;Negative age input&quot;, &quot;Carbohydrate Calculator - Negative Input Validation&quot;](1)" classname="cucumber.TestNGrunner" time="4.181">
    <system-err><![CDATA[SLF4J: Failed to load class "org.slf4j.impl.StaticLoggerBinder".
SLF4J: Defaulting to no-operation (NOP) logger implementation
SLF4J: See http://www.slf4j.org/codes.html#StaticLoggerBinder for further details.
]]></system-err>
  </testcase>
  <testcase name="runScenario[&quot;Negative feet input&quot;, &quot;Carbohydrate Calculator - Negative Input Validation&quot;](2)" classname="cucumber.TestNGrunner" time="2.63"/>
  <testcase name="runScenario[&quot;Negative inches input&quot;, &quot;Carbohydrate Calculator - Negative Input Validation&quot;](3)" classname="cucumber.TestNGrunner" time="2.536"/>
  <testcase name="runScenario[&quot;Negative weight input&quot;, &quot;Carbohydrate Calculator - Negative Input Validation&quot;](4)" classname="cucumber.TestNGrunner" time="3.452"/>
  <testcase name="runScenario[&quot;Boundary age check below 18&quot;, &quot;Carbohydrate Calculator - Negative Input Validation&quot;](5)" classname="cucumber.TestNGrunner" time="2.504"/>
  <testcase name="runScenario[&quot;Calculate carbohydrate needs for a user&quot;, &quot;Carbohydrate Calculator&quot;](6)" classname="cucumber.TestNGrunner" time="2.957"/>
  <testcase name="runScenario[&quot;Calculate carbohydrate needs for a user&quot;, &quot;Carbohydrate Calculator&quot;](7)" classname="cucumber.TestNGrunner" time="2.496"/>
  <testcase name="runScenario[&quot;Calculate carbohydrate needs for a user&quot;, &quot;Carbohydrate Calculator&quot;](8)" classname="cucumber.TestNGrunner" time="2.428"/>
</testsuite>